  Zc:
c1xx : error C2338: C++/CLI, C++/CX 또는 OpenMP에서는 2단계 이름 조회가 지원되지 않습니다. /Zc:twoPhase-를 사용하세요.
c1xx : fatal error C1903: 이전 오류를 복구할 수 없습니다. 컴파일이 중지됩니다.
  twoPhase-
c1xx : error C2338: C++/CLI, C++/CX 또는 OpenMP에서는 2단계 이름 조회가 지원되지 않습니다. /Zc:twoPhase-를 사용하세요.
c1xx : fatal error C1903: 이전 오류를 복구할 수 없습니다. 컴파일이 중지됩니다.
  Box.cpp
c1xx : error C2338: C++/CLI, C++/CX 또는 OpenMP에서는 2단계 이름 조회가 지원되지 않습니다. /Zc:twoPhase-를 사용하세요.
c1xx : fatal error C1903: 이전 오류를 복구할 수 없습니다. 컴파일이 중지됩니다.
  Delaunay.cpp
c1xx : error C2338: C++/CLI, C++/CX 또는 OpenMP에서는 2단계 이름 조회가 지원되지 않습니다. /Zc:twoPhase-를 사용하세요.
c1xx : fatal error C1903: 이전 오류를 복구할 수 없습니다. 컴파일이 중지됩니다.
  DS_timer.cpp
c1xx : error C2338: C++/CLI, C++/CX 또는 OpenMP에서는 2단계 이름 조회가 지원되지 않습니다. /Zc:twoPhase-를 사용하세요.
c1xx : fatal error C1903: 이전 오류를 복구할 수 없습니다. 컴파일이 중지됩니다.
  main.cpp
c1xx : error C2338: C++/CLI, C++/CX 또는 OpenMP에서는 2단계 이름 조회가 지원되지 않습니다. /Zc:twoPhase-를 사용하세요.
c1xx : fatal error C1903: 이전 오류를 복구할 수 없습니다. 컴파일이 중지됩니다.
  Object.cpp
c1xx : error C2338: C++/CLI, C++/CX 또는 OpenMP에서는 2단계 이름 조회가 지원되지 않습니다. /Zc:twoPhase-를 사용하세요.
c1xx : fatal error C1903: 이전 오류를 복구할 수 없습니다. 컴파일이 중지됩니다.
  ObjectReader.cpp
c1xx : error C2338: C++/CLI, C++/CX 또는 OpenMP에서는 2단계 이름 조회가 지원되지 않습니다. /Zc:twoPhase-를 사용하세요.
c1xx : fatal error C1903: 이전 오류를 복구할 수 없습니다. 컴파일이 중지됩니다.
  Tree.cpp
c1xx : error C2338: C++/CLI, C++/CX 또는 OpenMP에서는 2단계 이름 조회가 지원되지 않습니다. /Zc:twoPhase-를 사용하세요.
c1xx : fatal error C1903: 이전 오류를 복구할 수 없습니다. 컴파일이 중지됩니다.
  코드를 생성하고 있습니다...
